<?xml version="1.0" encoding="UTF-8"?>
<beans xmlns="http://www.springframework.org/schema/beans"
    xmlns:xsi="http://www.w3.org/2001/XMLSchema-instance" 
    xmlns:context="http://www.springframework.org/schema/context"
    xmlns:aop="http://www.springframework.org/schema/aop" 
    xmlns:tx="http://www.springframework.org/schema/tx"
    xsi:schemaLocation=
          "http://www.springframework.org/schema/beans
           http://www.springframework.org/schema/beans/spring-beans-3.0.xsd
           http://www.springframework.org/schema/context
           http://www.springframework.org/schema/context/spring-context-3.0.xsd
           http://www.springframework.org/schema/aop 
           http://www.springframework.org/schema/aop/spring-aop-3.0.xsd
           http://www.springframework.org/schema/tx
           http://www.springframework.org/schema/tx/spring-tx-3.0.xsd"
    default-autowire="byName" default-lazy-init="true">
    
    <bean id="propertyConfigurer" class="org.springframework.beans.factory.config.PropertyPlaceholderConfigurer">
        <property name="locations">
            <list>
                <value>classpath:app.properties</value>
            </list>
        </property>
    </bean>
    
    <bean id="dataSource" class="com.mchange.v2.c3p0.ComboPooledDataSource" destroy-method="close">
		<!-- Connection properties -->
		<property name="driverClass" value="${ds.main.driverClassName}" />
		<property name="jdbcUrl" value="${ds.main.url}" />
		<property name="user" value="${ds.main.username}" />
        <property name="password" value="${ds.main.password}" />
		
		<!-- Pool properties -->
        <property name="minPoolSize" value="${ds.main.minPoolSize}" />
        <property name="maxPoolSize" value="${ds.main.maxPoolSize}" />
        <property name="maxStatements" value="${ds.main.maxStatements}" />
        <property name="idleConnectionTestPeriod" value="${ds.main.idleConnectionTestPeriod}" />
        <property name="loginTimeout" value="${ds.main.loginTimeout}" />
    </bean>
     
    <bean id="sessionFactory" class="org.springframework.orm.hibernate3.annotation.AnnotationSessionFactoryBean" lazy-init="false">
        <property name="dataSource"><ref local="dataSource"/></property>
        <property name="schemaUpdate" ><value>true</value></property>
        <property name="packagesToScan">
            <list>
                <value>com.realpaas.platform.internal.dataobject</value>
            </list>
        </property>
        <property name="hibernateProperties">
            <props>
                <!-- 
                <prop key="hibernate.default_schema">${ds.main.schema}</prop>
                <prop key="hibernate.default_catalog">${ds.main.catalog}</prop>
                <prop key="hibernate.cache.region.factory_class">com.lenovo.lois.framework.cache.ehcache.PlatformEhCacheRegionFactory</prop>
                -->
                <prop key="hibernate.dialect">org.hibernate.dialect.MySQL5Dialect</prop>
                <prop key="hibernate.cache.provider_class">org.hibernate.cache.HashtableCacheProvider</prop>
                <prop key="hibernate.cache.use_second_level_cache">false</prop>
                <prop key="hibernate.cache.use_query_cache">false</prop>
                <prop key="hibernate.cache.region_prefix"></prop>
                <prop key="hibernate.query.factory_class">org.hibernate.hql.ast.ASTQueryTranslatorFactory</prop>
                <prop key="hibernate.show_sql">true</prop>
                <prop key="hibernate.max_fetch_depth">6</prop>
                <prop key="hibernate.jdbc.batch_size">15</prop>
            </props>
        </property>
    </bean>

    <!-- High Performance Sequence Generator -->
    <bean id="keyedSequenceGenerator" class="com.realpaas.platform.key.impl.KeyedSequenceGeneratorImpl" init-method="init">
        <property name="dataSource"><ref local="dataSource"/></property>
        <property name="sequenceSchemaName"><value>${ds.main.schema}</value></property>
        <property name="sequenceTableName"><value>PLF_SEQUENCE_REGISTRY</value></property>
        <property name="initValue"><value>0</value></property>
        <property name="increment"><value>1000</value></property>
    </bean>

    <bean id="oneSequenceGenerator" class="com.realpaas.platform.key.impl.OneSequenceGeneratorImpl" >
        <property name="sequenceKey"><value>realpaas</value></property>
        <property name="keyedSequenceGenerator"><ref local="keyedSequenceGenerator"/></property>
    </bean>
    
    <bean id="partitionedSequenceGenerator" class="com.realpaas.platform.key.impl.PartitionedSequenceGeneratorImpl" >
        <property name="partitionKey"><value>test</value></property>
        <property name="keyedSequenceGenerator"><ref local="keyedSequenceGenerator"/></property>
    </bean>
    
</beans>